0 info it worked if it ends with ok
1 verbose cli [ 'C:\\node\\node-v6.9.5\\node.exe',
1 verbose cli   'C:\\node\\node-v6.9.5\\node_modules\\cnpm\\node_modules\\npm\\bin\\npm-cli.js',
1 verbose cli   '--userconfig=C:\\Users\\Administrator\\.cnpmrc',
1 verbose cli   '--disturl=https://npm.taobao.org/mirrors/node',
1 verbose cli   '--registry=https://registry.npm.taobao.org',
1 verbose cli   'run',
1 verbose cli   'dist' ]
2 info using npm@3.10.10
3 info using node@v6.9.5
4 verbose run-script [ 'predist', 'dist', 'postdist' ]
5 info lifecycle react-webapp-dianping@1.0.0~predist: react-webapp-dianping@1.0.0
6 silly lifecycle react-webapp-dianping@1.0.0~predist: no script for predist, continuing
7 info lifecycle react-webapp-dianping@1.0.0~dist: react-webapp-dianping@1.0.0
8 verbose lifecycle react-webapp-dianping@1.0.0~dist: unsafe-perm in lifecycle true
9 verbose lifecycle react-webapp-dianping@1.0.0~dist: PATH: C:\node\node-v6.9.5\node_modules\cnpm\node_modules\npm\bin\node-gyp-bin;D:\top.react\react-webapp-dianping\node_modules\.bin;C:\ProgramData\Oracle\Java\javapath;C:\Windows\system32;C:\Windows;C:\Windows\System32\Wbem;C:\Windows\System32\WindowsPowerShell\v1.0\;D:\Program Files\TortoiseSVN\bin;D:\phpStudy\php56n;C:\Program Files (x86)\Brackets\command;D:\android\android-sdk\android-ndk-r14b;;D:\android\android-sdk\tools;D:\android\android-sdk\platform-tools;D:\android\android-sdk;C:\Program Files\Java\jdk1.8.0_31\bin;C:\node\node-v6.9.5;D:\phpStudy\php53;C:\Program Files (x86)\Git\bin;C:\Users\Administrator\AppData\Local\atom\bin;C:\Program Files\Sublime Text 3
10 verbose lifecycle react-webapp-dianping@1.0.0~dist: CWD: D:\top.react\react-webapp-dianping
11 silly lifecycle react-webapp-dianping@1.0.0~dist: Args: [ '/d /s /c', 'webpack --config webpack.config.js' ]
12 silly lifecycle react-webapp-dianping@1.0.0~dist: Returned: code: 1  signal: null
13 info lifecycle react-webapp-dianping@1.0.0~dist: Failed to exec dist script
14 verbose stack Error: react-webapp-dianping@1.0.0 dist: `webpack --config webpack.config.js`
14 verbose stack Exit status 1
14 verbose stack     at EventEmitter.<anonymous> (C:\node\node-v6.9.5\node_modules\cnpm\node_modules\npm\lib\utils\lifecycle.js:255:16)
14 verbose stack     at emitTwo (events.js:106:13)
14 verbose stack     at EventEmitter.emit (events.js:191:7)
14 verbose stack     at ChildProcess.<anonymous> (C:\node\node-v6.9.5\node_modules\cnpm\node_modules\npm\lib\utils\spawn.js:40:14)
14 verbose stack     at emitTwo (events.js:106:13)
14 verbose stack     at ChildProcess.emit (events.js:191:7)
14 verbose stack     at maybeClose (internal/child_process.js:877:16)
14 verbose stack     at Process.ChildProcess._handle.onexit (internal/child_process.js:226:5)
15 verbose pkgid react-webapp-dianping@1.0.0
16 verbose cwd D:\top.react\react-webapp-dianping
17 error Windows_NT 6.1.7601
18 error argv "C:\\node\\node-v6.9.5\\node.exe" "C:\\node\\node-v6.9.5\\node_modules\\cnpm\\node_modules\\npm\\bin\\npm-cli.js" "--userconfig=C:\\Users\\Administrator\\.cnpmrc" "--disturl=https://npm.taobao.org/mirrors/node" "--registry=https://registry.npm.taobao.org" "run" "dist"
19 error node v6.9.5
20 error npm  v3.10.10
21 error code ELIFECYCLE
22 error react-webapp-dianping@1.0.0 dist: `webpack --config webpack.config.js`
22 error Exit status 1
23 error Failed at the react-webapp-dianping@1.0.0 dist script 'webpack --config webpack.config.js'.
23 error Make sure you have the latest version of node.js and npm installed.
23 error If you do, this is most likely a problem with the react-webapp-dianping package,
23 error not with npm itself.
23 error Tell the author that this fails on your system:
23 error     webpack --config webpack.config.js
23 error You can get information on how to open an issue for this project with:
23 error     npm bugs react-webapp-dianping
23 error Or if that isn't available, you can get their info via:
23 error     npm owner ls react-webapp-dianping
23 error There is likely additional logging output above.
24 verbose exit [ 1, true ]
